<?xml version="1.0" encoding="UTF-8"?>
<!-- Generated by org.testng.reporters.JUnitReportReporter -->
<testsuite hostname="DESKTOP-OJFEH9S" failures="0" tests="1" name="saucelab.trading" time="53.674" errors="0" timestamp="2023-05-15T13:32:25 IST" skipped="0">
  <testcase classname="saucelab.trading" name="test" time="53.674"/>
  <system-out/>
</testsuite> <!-- saucelab.trading -->
